UMSSDK/build/outputs/logs/manifest-merger-debug-report.txt
-- Merging decision tree log ---
manifest
ADDED from MootCourt\UMSSDK\AndroidManifest.xml:2:1-5:31
INJECTED from MootCourt\UMSSDK\AndroidManifest.xml:2:1-5:31
INJECTED from MootCourt\UMSSDK\AndroidManifest.xml:2:1-5:31
INJECTED from MootCourt\UMSSDK\AndroidManifest.xml:2:1-5:31
INJECTED from MootCourt\UMSSDK\AndroidManifest.xml:2:1-5:31
INJECTED from MootCourt\UMSSDK\AndroidManifest.xml:2:1-5:31
INJECTED from MootCourt\UMSSDK\AndroidManifest.xml:2:1-5:31
	package
		ADDED from MootCourt\UMSSDK\AndroidManifest.xml:3:2-23
		INJECTED from MootCourt\UMSSDK\AndroidManifest.xml
		INJECTED from MootCourt\UMSSDK\AndroidManifest.xml
	android:versionName
		ADDED from MootCourt\UMSSDK\AndroidManifest.xml:5:2-29
		INJECTED from MootCourt\UMSSDK\AndroidManifest.xml
		INJECTED from MootCourt\UMSSDK\AndroidManifest.xml
	xmlns:android
		ADDED from MootCourt\UMSSDK\AndroidManifest.xml:2:11-69
	android:versionCode
		ADDED from MootCourt\UMSSDK\AndroidManifest.xml:4:2-25
		INJECTED from MootCourt\UMSSDK\AndroidManifest.xml
		INJECTED from MootCourt\UMSSDK\AndroidManifest.xml
uses-sdk
INJECTED from MootCourt\UMSSDK\AndroidManifest.xml reason: use-sdk injection requested
INJECTED from MootCourt\UMSSDK\AndroidManifest.xml
INJECTED from MootCourt\UMSSDK\AndroidManifest.xml
INJECTED from MootCourt\UMSSDK\AndroidManifest.xml
INJECTED from MootCourt\UMSSDK\AndroidManifest.xml
	android:targetSdkVersion
		INJECTED from MootCourt\UMSSDK\AndroidManifest.xml
		ADDED from MootCourt\UMSSDK\AndroidManifest.xml
		INJECTED from MootCourt\UMSSDK\AndroidManifest.xml
	android:minSdkVersion
		INJECTED from MootCourt\UMSSDK\AndroidManifest.xml
		ADDED from MootCourt\UMSSDK\AndroidManifest.xml
		INJECTED from MootCourt\UMSSDK\AndroidManifest.xml